<?xml version="1.0" encoding="UTF-8"?>
<!-- Generated by org.testng.reporters.JUnitReportReporter -->
<testsuite hostname="DESKTOP-8PQEF7J" failures="0" tests="2" name="pojoDemo.PojoSerializationDeserialization" time="0.330" errors="0" timestamp="2021-07-29T09:06:38 BST" skipped="0">
  <testcase classname="pojoDemo.PojoSerializationDeserialization" name="serializeEmployee" time="0.289"/>
  <system-out/>
  <testcase classname="pojoDemo.PojoSerializationDeserialization" name="deserializeEmployee" time="0.041"/>
  <system-out/>
</testsuite> <!-- pojoDemo.PojoSerializationDeserialization -->
