<?xml version="1.0" encoding="UTF-8"?>
<!-- Generated by org.testng.reporters.JUnitReportReporter -->
<testsuite hostname="DESKTOP-8PQEF7J" failures="0" tests="2" name="pojo.PojoSerializationDeserialization" time="0.592" errors="0" timestamp="2021-07-29T08:36:31 BST" skipped="0">
  <testcase classname="pojo.PojoSerializationDeserialization" name="serializeEmployee" time="0.484"/>
  <system-out/>
  <testcase classname="pojo.PojoSerializationDeserialization" name="deserializeEmployee" time="0.108"/>
  <system-out/>
</testsuite> <!-- pojo.PojoSerializationDeserialization -->
